2025-11-05 09:45:03 - error - ERROR - 程序执行出错: unsupported operand type(s) for /: 'str' and 'str'
2025-11-05 09:45:03 - error - ERROR - Traceback (most recent call last):
  File "/Volumes/T7/opt/anaconda3/lib/python3.13/site-packages/pandas/core/ops/array_ops.py", line 218, in _na_arithmetic_op
    result = func(left, right)
  File "/Volumes/T7/opt/anaconda3/lib/python3.13/site-packages/pandas/core/computation/expressions.py", line 242, in evaluate
    return _evaluate(op, op_str, a, b)  # type: ignore[misc]
  File "/Volumes/T7/opt/anaconda3/lib/python3.13/site-packages/pandas/core/computation/expressions.py", line 73, in _evaluate_standard
    return op(a, b)
TypeError: unsupported operand type(s) for /: 'str' and 'float'

During handling of the above exception, another exception occurred:

Traceback (most recent call last):
  File "/Volumes/T7/Project/python project/py/alpha/main.py", line 322, in <module>
    main()
    ~~~~^^
  File "/Volumes/T7/Project/python project/py/alpha/main.py", line 48, in main
    df = data_loader.preprocess_data()
  File "/Volumes/T7/Project/python project/py/alpha/src/data_loader.py", line 96, in preprocess_data
    df['returns'] = df.groupby('instrument_id')['close'].pct_change()
                    ~~~~~~~~~~~~~~~~~~~~~~~~~~~~~~~~~~~~~~~~~~~~~~~^^
  File "/Volumes/T7/opt/anaconda3/lib/python3.13/site-packages/pandas/core/groupby/groupby.py", line 5466, in pct_change
    return (filled / shifted) - 1
            ~~~~~~~^~~~~~~~~
  File "/Volumes/T7/opt/anaconda3/lib/python3.13/site-packages/pandas/core/ops/common.py", line 76, in new_method
    return method(self, other)
  File "/Volumes/T7/opt/anaconda3/lib/python3.13/site-packages/pandas/core/arraylike.py", line 210, in __truediv__
    return self._arith_method(other, operator.truediv)
           ~~~~~~~~~~~~~~~~~~^^^^^^^^^^^^^^^^^^^^^^^^^
  File "/Volumes/T7/opt/anaconda3/lib/python3.13/site-packages/pandas/core/series.py", line 6154, in _arith_method
    return base.IndexOpsMixin._arith_method(self, other, op)
           ~~~~~~~~~~~~~~~~~~~~~~~~~~~~~~~~^^^^^^^^^^^^^^^^^
  File "/Volumes/T7/opt/anaconda3/lib/python3.13/site-packages/pandas/core/base.py", line 1391, in _arith_method
    result = ops.arithmetic_op(lvalues, rvalues, op)
  File "/Volumes/T7/opt/anaconda3/lib/python3.13/site-packages/pandas/core/ops/array_ops.py", line 283, in arithmetic_op
    res_values = _na_arithmetic_op(left, right, op)  # type: ignore[arg-type]
  File "/Volumes/T7/opt/anaconda3/lib/python3.13/site-packages/pandas/core/ops/array_ops.py", line 227, in _na_arithmetic_op
    result = _masked_arith_op(left, right, op)
  File "/Volumes/T7/opt/anaconda3/lib/python3.13/site-packages/pandas/core/ops/array_ops.py", line 163, in _masked_arith_op
    result[mask] = op(xrav[mask], yrav[mask])
                   ~~^^^^^^^^^^^^^^^^^^^^^^^^
TypeError: unsupported operand type(s) for /: 'str' and 'str'

